05-Oct-2021 20:33:49.029 INFO [main] org.apache.catalina.startup.VersionLoggerListener.log Server version name:   Apache Tomcat/9.0.54
05-Oct-2021 20:33:49.044 INFO [main] org.apache.catalina.startup.VersionLoggerListener.log Server built:          Sep 28 2021 13:51:49 UTC
05-Oct-2021 20:33:49.046 INFO [main] org.apache.catalina.startup.VersionLoggerListener.log Server version number: 9.0.54.0
05-Oct-2021 20:33:49.055 INFO [main] org.apache.catalina.startup.VersionLoggerListener.log OS Name:               Windows 10
05-Oct-2021 20:33:49.056 INFO [main] org.apache.catalina.startup.VersionLoggerListener.log OS Version:            10.0
05-Oct-2021 20:33:49.060 INFO [main] org.apache.catalina.startup.VersionLoggerListener.log Architecture:          amd64
05-Oct-2021 20:33:49.064 INFO [main] org.apache.catalina.startup.VersionLoggerListener.log Java Home:             C:\Program Files\Java\jdk1.8.0_301\jre
05-Oct-2021 20:33:49.065 INFO [main] org.apache.catalina.startup.VersionLoggerListener.log JVM Version:           1.8.0_301-b09
05-Oct-2021 20:33:49.065 INFO [main] org.apache.catalina.startup.VersionLoggerListener.log JVM Vendor:            Oracle Corporation
05-Oct-2021 20:33:49.066 INFO [main] org.apache.catalina.startup.VersionLoggerListener.log CATALINA_BASE:         C:\Users\Mana\Documents\myProject
05-Oct-2021 20:33:49.066 INFO [main] org.apache.catalina.startup.VersionLoggerListener.log CATALINA_HOME:         C:\Users\Mana\Documents\myProject
05-Oct-2021 20:33:49.076 INFO [main] org.apache.catalina.startup.VersionLoggerListener.log Command line argument: -Djava.util.logging.config.file=C:\Users\Mana\Documents\myProject\conf\logging.properties
05-Oct-2021 20:33:49.077 INFO [main] org.apache.catalina.startup.VersionLoggerListener.log Command line argument: -Djava.util.logging.manager=org.apache.juli.ClassLoaderLogManager
05-Oct-2021 20:33:49.079 INFO [main] org.apache.catalina.startup.VersionLoggerListener.log Command line argument: -Djdk.tls.ephemeralDHKeySize=2048
05-Oct-2021 20:33:49.079 INFO [main] org.apache.catalina.startup.VersionLoggerListener.log Command line argument: -Djava.protocol.handler.pkgs=org.apache.catalina.webresources
05-Oct-2021 20:33:49.080 INFO [main] org.apache.catalina.startup.VersionLoggerListener.log Command line argument: -Dignore.endorsed.dirs=
05-Oct-2021 20:33:49.081 INFO [main] org.apache.catalina.startup.VersionLoggerListener.log Command line argument: -Dcatalina.base=C:\Users\Mana\Documents\myProject
05-Oct-2021 20:33:49.081 INFO [main] org.apache.catalina.startup.VersionLoggerListener.log Command line argument: -Dcatalina.home=C:\Users\Mana\Documents\myProject
05-Oct-2021 20:33:49.082 INFO [main] org.apache.catalina.startup.VersionLoggerListener.log Command line argument: -Djava.io.tmpdir=C:\Users\Mana\Documents\myProject\temp
05-Oct-2021 20:33:49.153 INFO [main] org.apache.catalina.core.AprLifecycleListener.lifecycleEvent The Apache Tomcat Native library which allows using OpenSSL was not found on the java.library.path: [C:\Program Files\Java\jdk1.8.0_301\bin;C:\WINDOWS\Sun\Java\bin;C:\WINDOWS\system32;C:\WINDOWS;C:\Program Files\Git\mingw64\bin;C:\Program Files\Git\usr\bin;C:\Users\Mana\bin;C:\Program Files (x86)\Common Files\Oracle\Java\javapath;C:\WINDOWS\system32;C:\WINDOWS;C:\WINDOWS\System32\Wbem;C:\WINDOWS\System32\WindowsPowerShell\v1.0;C:\Program Files (x86)\ATI Technologies\ATI.ACE\Core-Static;C:\WINDOWS\System32\OpenSSH;C:\Program Files\Git\cmd;C:\Program Files\Java\jdk1.8.0_301\bin;C:\Users\Mana\Documents\myProject\bin;C:\Program Files\MySQL\MySQL Shell 8.0\bin;C:\Users\Mana\AppData\Local\Microsoft\WindowsApps;F:\IntelliJ IDEA 2021.2\bin;C:\Users\Mana\AppData\Local\GitHubDesktop\bin;F:\IntelliJ IDEA Community Edition 2021.2\bin;.]
05-Oct-2021 20:33:50.896 INFO [main] org.apache.coyote.AbstractProtocol.init Initializing ProtocolHandler ["http-nio-8080"]
05-Oct-2021 20:33:50.994 INFO [main] org.apache.catalina.startup.Catalina.load Server initialization in [3310] milliseconds
05-Oct-2021 20:33:51.140 INFO [main] org.apache.catalina.core.StandardService.startInternal Starting service [Catalina]
05-Oct-2021 20:33:51.141 INFO [main] org.apache.catalina.core.StandardEngine.startInternal Starting Servlet engine: [Apache Tomcat/9.0.54]
05-Oct-2021 20:33:51.206 INFO [main] org.apache.catalina.startup.HostConfig.deployDirectory Deploying web application directory [C:\Users\Mana\Documents\myProject\webapps\docs]
05-Oct-2021 20:33:52.844 WARNING [main] org.apache.catalina.util.SessionIdGeneratorBase.createSecureRandom Creation of SecureRandom instance for session ID generation using [SHA1PRNG] took [432] milliseconds.
05-Oct-2021 20:33:52.921 INFO [main] org.apache.catalina.startup.HostConfig.deployDirectory Deployment of web application directory [C:\Users\Mana\Documents\myProject\webapps\docs] has finished in [1,716] ms
05-Oct-2021 20:33:52.926 INFO [main] org.apache.catalina.startup.HostConfig.deployDirectory Deploying web application directory [C:\Users\Mana\Documents\myProject\webapps\examples]
05-Oct-2021 20:33:54.704 INFO [main] org.apache.catalina.startup.HostConfig.deployDirectory Deployment of web application directory [C:\Users\Mana\Documents\myProject\webapps\examples] has finished in [1,778] ms
05-Oct-2021 20:33:54.706 INFO [main] org.apache.catalina.startup.HostConfig.deployDirectory Deploying web application directory [C:\Users\Mana\Documents\myProject\webapps\host-manager]
05-Oct-2021 20:33:54.872 INFO [main] org.apache.catalina.startup.HostConfig.deployDirectory Deployment of web application directory [C:\Users\Mana\Documents\myProject\webapps\host-manager] has finished in [166] ms
05-Oct-2021 20:33:54.881 INFO [main] org.apache.catalina.startup.HostConfig.deployDirectory Deploying web application directory [C:\Users\Mana\Documents\myProject\webapps\manager]
05-Oct-2021 20:33:55.039 INFO [main] org.apache.catalina.startup.HostConfig.deployDirectory Deployment of web application directory [C:\Users\Mana\Documents\myProject\webapps\manager] has finished in [158] ms
05-Oct-2021 20:33:55.040 INFO [main] org.apache.catalina.startup.HostConfig.deployDirectory Deploying web application directory [C:\Users\Mana\Documents\myProject\webapps\ROOT]
05-Oct-2021 20:33:55.141 INFO [main] org.apache.catalina.startup.HostConfig.deployDirectory Deployment of web application directory [C:\Users\Mana\Documents\myProject\webapps\ROOT] has finished in [100] ms
05-Oct-2021 20:33:55.149 INFO [main] org.apache.coyote.AbstractProtocol.start Starting ProtocolHandler ["http-nio-8080"]
05-Oct-2021 20:33:55.201 INFO [main] org.apache.catalina.startup.Catalina.start Server startup in [4202] milliseconds
05-Oct-2021 20:37:02.552 INFO [Catalina-utility-2] org.apache.catalina.startup.HostConfig.deployDirectory Deploying web application directory [C:\Users\Mana\Documents\myProject\webapps\app]
05-Oct-2021 20:37:03.353 INFO [Catalina-utility-2] org.apache.catalina.startup.HostConfig.deployDirectory Deployment of web application directory [C:\Users\Mana\Documents\myProject\webapps\app] has finished in [802] ms
05-Oct-2021 20:43:12.000 INFO [Thread-3] org.apache.coyote.AbstractProtocol.pause Pausing ProtocolHandler ["http-nio-8080"]
05-Oct-2021 20:43:12.121 INFO [Thread-3] org.apache.catalina.core.StandardService.stopInternal Stopping service [Catalina]
05-Oct-2021 20:43:12.216 INFO [Thread-3] org.apache.coyote.AbstractProtocol.stop Stopping ProtocolHandler ["http-nio-8080"]
05-Oct-2021 20:43:12.231 INFO [Thread-3] org.apache.coyote.AbstractProtocol.destroy Destroying ProtocolHandler ["http-nio-8080"]
05-Oct-2021 20:43:20.256 INFO [main] org.apache.catalina.startup.VersionLoggerListener.log Server version name:   Apache Tomcat/9.0.54
05-Oct-2021 20:43:20.263 INFO [main] org.apache.catalina.startup.VersionLoggerListener.log Server built:          Sep 28 2021 13:51:49 UTC
05-Oct-2021 20:43:20.276 INFO [main] org.apache.catalina.startup.VersionLoggerListener.log Server version number: 9.0.54.0
05-Oct-2021 20:43:20.284 INFO [main] org.apache.catalina.startup.VersionLoggerListener.log OS Name:               Windows 10
05-Oct-2021 20:43:20.286 INFO [main] org.apache.catalina.startup.VersionLoggerListener.log OS Version:            10.0
05-Oct-2021 20:43:20.287 INFO [main] org.apache.catalina.startup.VersionLoggerListener.log Architecture:          amd64
05-Oct-2021 20:43:20.289 INFO [main] org.apache.catalina.startup.VersionLoggerListener.log Java Home:             C:\Program Files\Java\jdk1.8.0_301\jre
05-Oct-2021 20:43:20.291 INFO [main] org.apache.catalina.startup.VersionLoggerListener.log JVM Version:           1.8.0_301-b09
05-Oct-2021 20:43:20.293 INFO [main] org.apache.catalina.startup.VersionLoggerListener.log JVM Vendor:            Oracle Corporation
05-Oct-2021 20:43:20.295 INFO [main] org.apache.catalina.startup.VersionLoggerListener.log CATALINA_BASE:         C:\Users\Mana\Documents\myProject
05-Oct-2021 20:43:20.300 INFO [main] org.apache.catalina.startup.VersionLoggerListener.log CATALINA_HOME:         C:\Users\Mana\Documents\myProject
05-Oct-2021 20:43:20.316 INFO [main] org.apache.catalina.startup.VersionLoggerListener.log Command line argument: -Djava.util.logging.config.file=C:\Users\Mana\Documents\myProject\conf\logging.properties
05-Oct-2021 20:43:20.326 INFO [main] org.apache.catalina.startup.VersionLoggerListener.log Command line argument: -Djava.util.logging.manager=org.apache.juli.ClassLoaderLogManager
05-Oct-2021 20:43:20.345 INFO [main] org.apache.catalina.startup.VersionLoggerListener.log Command line argument: -Djdk.tls.ephemeralDHKeySize=2048
05-Oct-2021 20:43:20.348 INFO [main] org.apache.catalina.startup.VersionLoggerListener.log Command line argument: -Djava.protocol.handler.pkgs=org.apache.catalina.webresources
05-Oct-2021 20:43:20.350 INFO [main] org.apache.catalina.startup.VersionLoggerListener.log Command line argument: -Dignore.endorsed.dirs=
05-Oct-2021 20:43:20.351 INFO [main] org.apache.catalina.startup.VersionLoggerListener.log Command line argument: -Dcatalina.base=C:\Users\Mana\Documents\myProject
05-Oct-2021 20:43:20.356 INFO [main] org.apache.catalina.startup.VersionLoggerListener.log Command line argument: -Dcatalina.home=C:\Users\Mana\Documents\myProject
05-Oct-2021 20:43:20.358 INFO [main] org.apache.catalina.startup.VersionLoggerListener.log Command line argument: -Djava.io.tmpdir=C:\Users\Mana\Documents\myProject\temp
05-Oct-2021 20:43:20.410 INFO [main] org.apache.catalina.core.AprLifecycleListener.lifecycleEvent The Apache Tomcat Native library which allows using OpenSSL was not found on the java.library.path: [C:\Program Files\Java\jdk1.8.0_301\bin;C:\WINDOWS\Sun\Java\bin;C:\WINDOWS\system32;C:\WINDOWS;C:\Program Files\Git\mingw64\bin;C:\Program Files\Git\usr\bin;C:\Users\Mana\bin;C:\Program Files (x86)\Common Files\Oracle\Java\javapath;C:\WINDOWS\system32;C:\WINDOWS;C:\WINDOWS\System32\Wbem;C:\WINDOWS\System32\WindowsPowerShell\v1.0;C:\Program Files (x86)\ATI Technologies\ATI.ACE\Core-Static;C:\WINDOWS\System32\OpenSSH;C:\Program Files\Git\cmd;C:\Program Files\Java\jdk1.8.0_301\bin;C:\Users\Mana\Documents\myProject\bin;C:\Program Files\MySQL\MySQL Shell 8.0\bin;C:\Users\Mana\AppData\Local\Microsoft\WindowsApps;F:\IntelliJ IDEA 2021.2\bin;C:\Users\Mana\AppData\Local\GitHubDesktop\bin;F:\IntelliJ IDEA Community Edition 2021.2\bin;.]
05-Oct-2021 20:43:21.710 INFO [main] org.apache.coyote.AbstractProtocol.init Initializing ProtocolHandler ["http-nio-8080"]
05-Oct-2021 20:43:21.774 INFO [main] org.apache.catalina.startup.Catalina.load Server initialization in [2142] milliseconds
05-Oct-2021 20:43:21.857 INFO [main] org.apache.catalina.core.StandardService.startInternal Starting service [Catalina]
05-Oct-2021 20:43:21.857 INFO [main] org.apache.catalina.core.StandardEngine.startInternal Starting Servlet engine: [Apache Tomcat/9.0.54]
05-Oct-2021 20:43:21.880 INFO [main] org.apache.catalina.startup.HostConfig.deployDirectory Deploying web application directory [C:\Users\Mana\Documents\myProject\webapps\app]
05-Oct-2021 20:43:22.710 WARNING [main] org.apache.catalina.util.SessionIdGeneratorBase.createSecureRandom Creation of SecureRandom instance for session ID generation using [SHA1PRNG] took [190] milliseconds.
05-Oct-2021 20:43:22.758 INFO [main] org.apache.catalina.startup.HostConfig.deployDirectory Deployment of web application directory [C:\Users\Mana\Documents\myProject\webapps\app] has finished in [878] ms
05-Oct-2021 20:43:22.759 INFO [main] org.apache.catalina.startup.HostConfig.deployDirectory Deploying web application directory [C:\Users\Mana\Documents\myProject\webapps\docs]
05-Oct-2021 20:43:22.849 INFO [main] org.apache.catalina.startup.HostConfig.deployDirectory Deployment of web application directory [C:\Users\Mana\Documents\myProject\webapps\docs] has finished in [89] ms
05-Oct-2021 20:43:22.850 INFO [main] org.apache.catalina.startup.HostConfig.deployDirectory Deploying web application directory [C:\Users\Mana\Documents\myProject\webapps\examples]
05-Oct-2021 20:43:24.120 INFO [main] org.apache.catalina.startup.HostConfig.deployDirectory Deployment of web application directory [C:\Users\Mana\Documents\myProject\webapps\examples] has finished in [1,270] ms
05-Oct-2021 20:43:24.121 INFO [main] org.apache.catalina.startup.HostConfig.deployDirectory Deploying web application directory [C:\Users\Mana\Documents\myProject\webapps\host-manager]
05-Oct-2021 20:43:24.279 INFO [main] org.apache.catalina.startup.HostConfig.deployDirectory Deployment of web application directory [C:\Users\Mana\Documents\myProject\webapps\host-manager] has finished in [158] ms
05-Oct-2021 20:43:24.280 INFO [main] org.apache.catalina.startup.HostConfig.deployDirectory Deploying web application directory [C:\Users\Mana\Documents\myProject\webapps\manager]
05-Oct-2021 20:43:24.438 INFO [main] org.apache.catalina.startup.HostConfig.deployDirectory Deployment of web application directory [C:\Users\Mana\Documents\myProject\webapps\manager] has finished in [156] ms
05-Oct-2021 20:43:24.441 INFO [main] org.apache.catalina.startup.HostConfig.deployDirectory Deploying web application directory [C:\Users\Mana\Documents\myProject\webapps\ROOT]
05-Oct-2021 20:43:24.530 INFO [main] org.apache.catalina.startup.HostConfig.deployDirectory Deployment of web application directory [C:\Users\Mana\Documents\myProject\webapps\ROOT] has finished in [89] ms
05-Oct-2021 20:43:24.544 INFO [main] org.apache.coyote.AbstractProtocol.start Starting ProtocolHandler ["http-nio-8080"]
05-Oct-2021 20:43:24.580 INFO [main] org.apache.catalina.startup.Catalina.start Server startup in [2802] milliseconds
05-Oct-2021 20:50:27.484 INFO [Thread-3] org.apache.coyote.AbstractProtocol.pause Pausing ProtocolHandler ["http-nio-8080"]
05-Oct-2021 20:50:27.598 INFO [Thread-3] org.apache.catalina.core.StandardService.stopInternal Stopping service [Catalina]
05-Oct-2021 20:50:27.682 INFO [Thread-3] org.apache.coyote.AbstractProtocol.stop Stopping ProtocolHandler ["http-nio-8080"]
05-Oct-2021 20:50:27.708 INFO [Thread-3] org.apache.coyote.AbstractProtocol.destroy Destroying ProtocolHandler ["http-nio-8080"]
05-Oct-2021 20:50:31.824 INFO [main] org.apache.catalina.startup.VersionLoggerListener.log Server version name:   Apache Tomcat/9.0.54
05-Oct-2021 20:50:31.834 INFO [main] org.apache.catalina.startup.VersionLoggerListener.log Server built:          Sep 28 2021 13:51:49 UTC
05-Oct-2021 20:50:31.843 INFO [main] org.apache.catalina.startup.VersionLoggerListener.log Server version number: 9.0.54.0
05-Oct-2021 20:50:31.846 INFO [main] org.apache.catalina.startup.VersionLoggerListener.log OS Name:               Windows 10
05-Oct-2021 20:50:31.847 INFO [main] org.apache.catalina.startup.VersionLoggerListener.log OS Version:            10.0
05-Oct-2021 20:50:31.848 INFO [main] org.apache.catalina.startup.VersionLoggerListener.log Architecture:          amd64
05-Oct-2021 20:50:31.849 INFO [main] org.apache.catalina.startup.VersionLoggerListener.log Java Home:             C:\Program Files\Java\jdk1.8.0_301\jre
05-Oct-2021 20:50:31.850 INFO [main] org.apache.catalina.startup.VersionLoggerListener.log JVM Version:           1.8.0_301-b09
05-Oct-2021 20:50:31.851 INFO [main] org.apache.catalina.startup.VersionLoggerListener.log JVM Vendor:            Oracle Corporation
05-Oct-2021 20:50:31.852 INFO [main] org.apache.catalina.startup.VersionLoggerListener.log CATALINA_BASE:         C:\Users\Mana\Documents\myProject
05-Oct-2021 20:50:31.853 INFO [main] org.apache.catalina.startup.VersionLoggerListener.log CATALINA_HOME:         C:\Users\Mana\Documents\myProject
05-Oct-2021 20:50:31.855 INFO [main] org.apache.catalina.startup.VersionLoggerListener.log Command line argument: -Djava.util.logging.config.file=C:\Users\Mana\Documents\myProject\conf\logging.properties
05-Oct-2021 20:50:31.856 INFO [main] org.apache.catalina.startup.VersionLoggerListener.log Command line argument: -Djava.util.logging.manager=org.apache.juli.ClassLoaderLogManager
05-Oct-2021 20:50:31.857 INFO [main] org.apache.catalina.startup.VersionLoggerListener.log Command line argument: -Djdk.tls.ephemeralDHKeySize=2048
05-Oct-2021 20:50:31.857 INFO [main] org.apache.catalina.startup.VersionLoggerListener.log Command line argument: -Djava.protocol.handler.pkgs=org.apache.catalina.webresources
05-Oct-2021 20:50:31.858 INFO [main] org.apache.catalina.startup.VersionLoggerListener.log Command line argument: -Dignore.endorsed.dirs=
05-Oct-2021 20:50:31.858 INFO [main] org.apache.catalina.startup.VersionLoggerListener.log Command line argument: -Dcatalina.base=C:\Users\Mana\Documents\myProject
05-Oct-2021 20:50:31.861 INFO [main] org.apache.catalina.startup.VersionLoggerListener.log Command line argument: -Dcatalina.home=C:\Users\Mana\Documents\myProject
05-Oct-2021 20:50:31.862 INFO [main] org.apache.catalina.startup.VersionLoggerListener.log Command line argument: -Djava.io.tmpdir=C:\Users\Mana\Documents\myProject\temp
05-Oct-2021 20:50:31.922 INFO [main] org.apache.catalina.core.AprLifecycleListener.lifecycleEvent The Apache Tomcat Native library which allows using OpenSSL was not found on the java.library.path: [C:\Program Files\Java\jdk1.8.0_301\bin;C:\WINDOWS\Sun\Java\bin;C:\WINDOWS\system32;C:\WINDOWS;C:\Program Files\Git\mingw64\bin;C:\Program Files\Git\usr\bin;C:\Users\Mana\bin;C:\Program Files (x86)\Common Files\Oracle\Java\javapath;C:\WINDOWS\system32;C:\WINDOWS;C:\WINDOWS\System32\Wbem;C:\WINDOWS\System32\WindowsPowerShell\v1.0;C:\Program Files (x86)\ATI Technologies\ATI.ACE\Core-Static;C:\WINDOWS\System32\OpenSSH;C:\Program Files\Git\cmd;C:\Program Files\Java\jdk1.8.0_301\bin;C:\Users\Mana\Documents\myProject\bin;C:\Program Files\MySQL\MySQL Shell 8.0\bin;C:\Users\Mana\AppData\Local\Microsoft\WindowsApps;F:\IntelliJ IDEA 2021.2\bin;C:\Users\Mana\AppData\Local\GitHubDesktop\bin;F:\IntelliJ IDEA Community Edition 2021.2\bin;.]
05-Oct-2021 20:50:33.252 INFO [main] org.apache.coyote.AbstractProtocol.init Initializing ProtocolHandler ["http-nio-8080"]
05-Oct-2021 20:50:33.379 INFO [main] org.apache.catalina.startup.Catalina.load Server initialization in [2124] milliseconds
05-Oct-2021 20:50:33.491 INFO [main] org.apache.catalina.core.StandardService.startInternal Starting service [Catalina]
05-Oct-2021 20:50:33.491 INFO [main] org.apache.catalina.core.StandardEngine.startInternal Starting Servlet engine: [Apache Tomcat/9.0.54]
05-Oct-2021 20:50:33.518 INFO [main] org.apache.catalina.startup.HostConfig.deployDirectory Deploying web application directory [C:\Users\Mana\Documents\myProject\webapps\app]
05-Oct-2021 20:50:35.697 INFO [main] org.apache.jasper.servlet.TldScanner.scanJars At least one JAR was scanned for TLDs yet contained no TLDs. Enable debug logging for this logger for a complete list of JARs that were scanned but no TLDs were found in them. Skipping unneeded JARs during scanning can improve startup time and JSP compilation time.
05-Oct-2021 20:50:35.947 WARNING [main] org.apache.catalina.util.SessionIdGeneratorBase.createSecureRandom Creation of SecureRandom instance for session ID generation using [SHA1PRNG] took [174] milliseconds.
05-Oct-2021 20:50:36.043 INFO [main] org.apache.catalina.startup.HostConfig.deployDirectory Deployment of web application directory [C:\Users\Mana\Documents\myProject\webapps\app] has finished in [2,526] ms
05-Oct-2021 20:50:36.044 INFO [main] org.apache.catalina.startup.HostConfig.deployDirectory Deploying web application directory [C:\Users\Mana\Documents\myProject\webapps\docs]
05-Oct-2021 20:50:37.115 INFO [main] org.apache.jasper.servlet.TldScanner.scanJars At least one JAR was scanned for TLDs yet contained no TLDs. Enable debug logging for this logger for a complete list of JARs that were scanned but no TLDs were found in them. Skipping unneeded JARs during scanning can improve startup time and JSP compilation time.
05-Oct-2021 20:50:37.132 INFO [main] org.apache.catalina.startup.HostConfig.deployDirectory Deployment of web application directory [C:\Users\Mana\Documents\myProject\webapps\docs] has finished in [1,084] ms
05-Oct-2021 20:50:37.134 INFO [main] org.apache.catalina.startup.HostConfig.deployDirectory Deploying web application directory [C:\Users\Mana\Documents\myProject\webapps\examples]
05-Oct-2021 20:50:39.595 INFO [main] org.apache.jasper.servlet.TldScanner.scanJars At least one JAR was scanned for TLDs yet contained no TLDs. Enable debug logging for this logger for a complete list of JARs that were scanned but no TLDs were found in them. Skipping unneeded JARs during scanning can improve startup time and JSP compilation time.
05-Oct-2021 20:50:39.853 INFO [main] org.apache.catalina.startup.HostConfig.deployDirectory Deployment of web application directory [C:\Users\Mana\Documents\myProject\webapps\examples] has finished in [2,719] ms
05-Oct-2021 20:50:39.854 INFO [main] org.apache.catalina.startup.HostConfig.deployDirectory Deploying web application directory [C:\Users\Mana\Documents\myProject\webapps\host-manager]
05-Oct-2021 20:50:41.054 INFO [main] org.apache.jasper.servlet.TldScanner.scanJars At least one JAR was scanned for TLDs yet contained no TLDs. Enable debug logging for this logger for a complete list of JARs that were scanned but no TLDs were found in them. Skipping unneeded JARs during scanning can improve startup time and JSP compilation time.
05-Oct-2021 20:50:41.065 INFO [main] org.apache.catalina.startup.HostConfig.deployDirectory Deployment of web application directory [C:\Users\Mana\Documents\myProject\webapps\host-manager] has finished in [1,210] ms
05-Oct-2021 20:50:41.068 INFO [main] org.apache.catalina.startup.HostConfig.deployDirectory Deploying web application directory [C:\Users\Mana\Documents\myProject\webapps\manager]
05-Oct-2021 20:50:42.647 INFO [main] org.apache.jasper.servlet.TldScanner.scanJars At least one JAR was scanned for TLDs yet contained no TLDs. Enable debug logging for this logger for a complete list of JARs that were scanned but no TLDs were found in them. Skipping unneeded JARs during scanning can improve startup time and JSP compilation time.
05-Oct-2021 20:50:42.660 INFO [main] org.apache.catalina.startup.HostConfig.deployDirectory Deployment of web application directory [C:\Users\Mana\Documents\myProject\webapps\manager] has finished in [1,592] ms
05-Oct-2021 20:50:42.676 INFO [main] org.apache.catalina.startup.HostConfig.deployDirectory Deploying web application directory [C:\Users\Mana\Documents\myProject\webapps\ROOT]
05-Oct-2021 20:50:43.922 INFO [main] org.apache.jasper.servlet.TldScanner.scanJars At least one JAR was scanned for TLDs yet contained no TLDs. Enable debug logging for this logger for a complete list of JARs that were scanned but no TLDs were found in them. Skipping unneeded JARs during scanning can improve startup time and JSP compilation time.
05-Oct-2021 20:50:43.938 INFO [main] org.apache.catalina.startup.HostConfig.deployDirectory Deployment of web application directory [C:\Users\Mana\Documents\myProject\webapps\ROOT] has finished in [1,261] ms
05-Oct-2021 20:50:43.952 INFO [main] org.apache.coyote.AbstractProtocol.start Starting ProtocolHandler ["http-nio-8080"]
05-Oct-2021 20:50:43.996 INFO [main] org.apache.catalina.startup.Catalina.start Server startup in [10615] milliseconds
05-Oct-2021 20:52:33.671 INFO [Thread-3] org.apache.coyote.AbstractProtocol.pause Pausing ProtocolHandler ["http-nio-8080"]
05-Oct-2021 20:52:33.777 INFO [Thread-3] org.apache.catalina.core.StandardService.stopInternal Stopping service [Catalina]
05-Oct-2021 20:52:33.873 INFO [Thread-3] org.apache.coyote.AbstractProtocol.stop Stopping ProtocolHandler ["http-nio-8080"]
05-Oct-2021 20:52:33.903 INFO [Thread-3] org.apache.coyote.AbstractProtocol.destroy Destroying ProtocolHandler ["http-nio-8080"]
05-Oct-2021 20:52:37.687 INFO [main] org.apache.catalina.startup.VersionLoggerListener.log Server version name:   Apache Tomcat/9.0.54
05-Oct-2021 20:52:37.691 INFO [main] org.apache.catalina.startup.VersionLoggerListener.log Server built:          Sep 28 2021 13:51:49 UTC
05-Oct-2021 20:52:37.692 INFO [main] org.apache.catalina.startup.VersionLoggerListener.log Server version number: 9.0.54.0
05-Oct-2021 20:52:37.692 INFO [main] org.apache.catalina.startup.VersionLoggerListener.log OS Name:               Windows 10
05-Oct-2021 20:52:37.692 INFO [main] org.apache.catalina.startup.VersionLoggerListener.log OS Version:            10.0
05-Oct-2021 20:52:37.693 INFO [main] org.apache.catalina.startup.VersionLoggerListener.log Architecture:          amd64
05-Oct-2021 20:52:37.693 INFO [main] org.apache.catalina.startup.VersionLoggerListener.log Java Home:             C:\Program Files\Java\jdk1.8.0_301\jre
05-Oct-2021 20:52:37.693 INFO [main] org.apache.catalina.startup.VersionLoggerListener.log JVM Version:           1.8.0_301-b09
05-Oct-2021 20:52:37.694 INFO [main] org.apache.catalina.startup.VersionLoggerListener.log JVM Vendor:            Oracle Corporation
05-Oct-2021 20:52:37.694 INFO [main] org.apache.catalina.startup.VersionLoggerListener.log CATALINA_BASE:         C:\Users\Mana\Documents\myProject
05-Oct-2021 20:52:37.694 INFO [main] org.apache.catalina.startup.VersionLoggerListener.log CATALINA_HOME:         C:\Users\Mana\Documents\myProject
05-Oct-2021 20:52:37.695 INFO [main] org.apache.catalina.startup.VersionLoggerListener.log Command line argument: -Djava.util.logging.config.file=C:\Users\Mana\Documents\myProject\conf\logging.properties
05-Oct-2021 20:52:37.696 INFO [main] org.apache.catalina.startup.VersionLoggerListener.log Command line argument: -Djava.util.logging.manager=org.apache.juli.ClassLoaderLogManager
05-Oct-2021 20:52:37.696 INFO [main] org.apache.catalina.startup.VersionLoggerListener.log Command line argument: -Djdk.tls.ephemeralDHKeySize=2048
05-Oct-2021 20:52:37.698 INFO [main] org.apache.catalina.startup.VersionLoggerListener.log Command line argument: -Djava.protocol.handler.pkgs=org.apache.catalina.webresources
05-Oct-2021 20:52:37.699 INFO [main] org.apache.catalina.startup.VersionLoggerListener.log Command line argument: -Dignore.endorsed.dirs=
05-Oct-2021 20:52:37.701 INFO [main] org.apache.catalina.startup.VersionLoggerListener.log Command line argument: -Dcatalina.base=C:\Users\Mana\Documents\myProject
05-Oct-2021 20:52:37.703 INFO [main] org.apache.catalina.startup.VersionLoggerListener.log Command line argument: -Dcatalina.home=C:\Users\Mana\Documents\myProject
05-Oct-2021 20:52:37.704 INFO [main] org.apache.catalina.startup.VersionLoggerListener.log Command line argument: -Djava.io.tmpdir=C:\Users\Mana\Documents\myProject\temp
05-Oct-2021 20:52:37.778 INFO [main] org.apache.catalina.core.AprLifecycleListener.lifecycleEvent The Apache Tomcat Native library which allows using OpenSSL was not found on the java.library.path: [C:\Program Files\Java\jdk1.8.0_301\bin;C:\WINDOWS\Sun\Java\bin;C:\WINDOWS\system32;C:\WINDOWS;C:\Program Files\Git\mingw64\bin;C:\Program Files\Git\usr\bin;C:\Users\Mana\bin;C:\Program Files (x86)\Common Files\Oracle\Java\javapath;C:\WINDOWS\system32;C:\WINDOWS;C:\WINDOWS\System32\Wbem;C:\WINDOWS\System32\WindowsPowerShell\v1.0;C:\Program Files (x86)\ATI Technologies\ATI.ACE\Core-Static;C:\WINDOWS\System32\OpenSSH;C:\Program Files\Git\cmd;C:\Program Files\Java\jdk1.8.0_301\bin;C:\Users\Mana\Documents\myProject\bin;C:\Program Files\MySQL\MySQL Shell 8.0\bin;C:\Users\Mana\AppData\Local\Microsoft\WindowsApps;F:\IntelliJ IDEA 2021.2\bin;C:\Users\Mana\AppData\Local\GitHubDesktop\bin;F:\IntelliJ IDEA Community Edition 2021.2\bin;.]
05-Oct-2021 20:52:39.053 INFO [main] org.apache.coyote.AbstractProtocol.init Initializing ProtocolHandler ["http-nio-8080"]
05-Oct-2021 20:52:39.141 INFO [main] org.apache.catalina.startup.Catalina.load Server initialization in [1956] milliseconds
05-Oct-2021 20:52:39.285 INFO [main] org.apache.catalina.core.StandardService.startInternal Starting service [Catalina]
05-Oct-2021 20:52:39.288 INFO [main] org.apache.catalina.core.StandardEngine.startInternal Starting Servlet engine: [Apache Tomcat/9.0.54]
05-Oct-2021 20:52:39.327 INFO [main] org.apache.catalina.startup.HostConfig.deployDirectory Deploying web application directory [C:\Users\Mana\Documents\myProject\webapps\app]
05-Oct-2021 20:52:41.195 INFO [main] org.apache.jasper.servlet.TldScanner.scanJars At least one JAR was scanned for TLDs yet contained no TLDs. Enable debug logging for this logger for a complete list of JARs that were scanned but no TLDs were found in them. Skipping unneeded JARs during scanning can improve startup time and JSP compilation time.
05-Oct-2021 20:52:41.380 WARNING [main] org.apache.catalina.util.SessionIdGeneratorBase.createSecureRandom Creation of SecureRandom instance for session ID generation using [SHA1PRNG] took [132] milliseconds.
05-Oct-2021 20:52:41.419 INFO [main] org.apache.catalina.startup.HostConfig.deployDirectory Deployment of web application directory [C:\Users\Mana\Documents\myProject\webapps\app] has finished in [2,092] ms
05-Oct-2021 20:52:41.421 INFO [main] org.apache.catalina.startup.HostConfig.deployDirectory Deploying web application directory [C:\Users\Mana\Documents\myProject\webapps\docs]
05-Oct-2021 20:52:42.320 INFO [main] org.apache.jasper.servlet.TldScanner.scanJars At least one JAR was scanned for TLDs yet contained no TLDs. Enable debug logging for this logger for a complete list of JARs that were scanned but no TLDs were found in them. Skipping unneeded JARs during scanning can improve startup time and JSP compilation time.
05-Oct-2021 20:52:42.329 INFO [main] org.apache.catalina.startup.HostConfig.deployDirectory Deployment of web application directory [C:\Users\Mana\Documents\myProject\webapps\docs] has finished in [908] ms
05-Oct-2021 20:52:42.330 INFO [main] org.apache.catalina.startup.HostConfig.deployDirectory Deploying web application directory [C:\Users\Mana\Documents\myProject\webapps\examples]
05-Oct-2021 20:52:44.644 INFO [main] org.apache.jasper.servlet.TldScanner.scanJars At least one JAR was scanned for TLDs yet contained no TLDs. Enable debug logging for this logger for a complete list of JARs that were scanned but no TLDs were found in them. Skipping unneeded JARs during scanning can improve startup time and JSP compilation time.
05-Oct-2021 20:52:45.022 INFO [main] org.apache.catalina.startup.HostConfig.deployDirectory Deployment of web application directory [C:\Users\Mana\Documents\myProject\webapps\examples] has finished in [2,692] ms
05-Oct-2021 20:52:45.024 INFO [main] org.apache.catalina.startup.HostConfig.deployDirectory Deploying web application directory [C:\Users\Mana\Documents\myProject\webapps\host-manager]
05-Oct-2021 20:52:46.159 INFO [main] org.apache.jasper.servlet.TldScanner.scanJars At least one JAR was scanned for TLDs yet contained no TLDs. Enable debug logging for this logger for a complete list of JARs that were scanned but no TLDs were found in them. Skipping unneeded JARs during scanning can improve startup time and JSP compilation time.
05-Oct-2021 20:52:46.172 INFO [main] org.apache.catalina.startup.HostConfig.deployDirectory Deployment of web application directory [C:\Users\Mana\Documents\myProject\webapps\host-manager] has finished in [1,148] ms
05-Oct-2021 20:52:46.174 INFO [main] org.apache.catalina.startup.HostConfig.deployDirectory Deploying web application directory [C:\Users\Mana\Documents\myProject\webapps\manager]
05-Oct-2021 20:52:48.134 INFO [main] org.apache.jasper.servlet.TldScanner.scanJars At least one JAR was scanned for TLDs yet contained no TLDs. Enable debug logging for this logger for a complete list of JARs that were scanned but no TLDs were found in them. Skipping unneeded JARs during scanning can improve startup time and JSP compilation time.
05-Oct-2021 20:52:48.158 INFO [main] org.apache.catalina.startup.HostConfig.deployDirectory Deployment of web application directory [C:\Users\Mana\Documents\myProject\webapps\manager] has finished in [1,984] ms
05-Oct-2021 20:52:48.160 INFO [main] org.apache.catalina.startup.HostConfig.deployDirectory Deploying web application directory [C:\Users\Mana\Documents\myProject\webapps\ROOT]
05-Oct-2021 20:52:50.192 INFO [main] org.apache.jasper.servlet.TldScanner.scanJars At least one JAR was scanned for TLDs yet contained no TLDs. Enable debug logging for this logger for a complete list of JARs that were scanned but no TLDs were found in them. Skipping unneeded JARs during scanning can improve startup time and JSP compilation time.
05-Oct-2021 20:52:50.216 INFO [main] org.apache.catalina.startup.HostConfig.deployDirectory Deployment of web application directory [C:\Users\Mana\Documents\myProject\webapps\ROOT] has finished in [2,056] ms
05-Oct-2021 20:52:50.228 INFO [main] org.apache.coyote.AbstractProtocol.start Starting ProtocolHandler ["http-nio-8080"]
05-Oct-2021 20:52:50.277 INFO [main] org.apache.catalina.startup.Catalina.start Server startup in [11134] milliseconds
